ToyTikTok/app/build/intermediates/manifest_merge_blame_file/debug/manifest-merger-blame-debug-report.txt
1<?xml version="1.0" encoding="utf-8"?>
2<manifest xmlns:android="http://schemas.android.com/apk/res/android"
3    package="com.example.toytiktok"
4    android:versionCode="1"
5    android:versionName="1.0" >
6
7    <uses-sdk
8        android:minSdkVersion="16"
8-->src/main/AndroidManifest.xml
9        android:targetSdkVersion="30" />
9-->src/main/AndroidManifest.xml
10
11    <uses-permission android:name="android.permission.ACCESS_NETWORK_STATE" />
11-->src/main/AndroidManifest.xml:5:5-79
11-->src/main/AndroidManifest.xml:5:22-76
12    <uses-permission android:name="android.permission.INTERNET" />
12-->src/main/AndroidManifest.xml:6:5-67
12-->src/main/AndroidManifest.xml:6:22-64
13    <uses-permission android:name="android.permission.WRITE_EXTERNAL_STORAGE" />
13-->src/main/AndroidManifest.xml:7:5-81
13-->src/main/AndroidManifest.xml:7:22-78
14    <uses-permission android:name="android.permission.READ_EXTERNAL_STORAGE" />
14-->src/main/AndroidManifest.xml:8:5-80
14-->src/main/AndroidManifest.xml:8:22-77
15    <uses-permission android:name="android.permission.CAMERA" />
15-->src/main/AndroidManifest.xml:9:5-65
15-->src/main/AndroidManifest.xml:9:22-62
16    <uses-permission android:name="android.permission.RECORD_AUDIO" />
16-->src/main/AndroidManifest.xml:10:5-71
16-->src/main/AndroidManifest.xml:10:22-68
17
18    <application
18-->src/main/AndroidManifest.xml:12:5-35:19
19        android:allowBackup="true"
19-->src/main/AndroidManifest.xml:13:9-35
20        android:appComponentFactory="androidx.core.app.CoreComponentFactory"
20-->[androidx.core:core:1.3.1] AndroidManifest.xml:24:18-86
21        android:debuggable="true"
22        android:icon="@mipmap/ic_launcher_tt"
22-->src/main/AndroidManifest.xml:14:9-46
23        android:label="@string/app_name"
23-->src/main/AndroidManifest.xml:15:9-41
24        android:roundIcon="@mipmap/ic_launcher_tt"
24-->src/main/AndroidManifest.xml:16:9-51
25        android:supportsRtl="true"
25-->src/main/AndroidManifest.xml:17:9-35
26        android:testOnly="true"
27        android:theme="@style/Theme.ToyTikTok" >
27-->src/main/AndroidManifest.xml:18:9-47
28        <activity android:name="com.example.toytiktok.UploadActivity" />
28-->src/main/AndroidManifest.xml:19:9-61
28-->src/main/AndroidManifest.xml:19:19-49
29        <activity android:name="com.example.toytiktok.MultiMediaActivity" />
29-->src/main/AndroidManifest.xml:20:9-56
29-->src/main/AndroidManifest.xml:20:19-53
30
31        <service
31-->src/main/AndroidManifest.xml:21:9-24:39
32            android:name="com.example.toytiktok.DownLoadService"
32-->src/main/AndroidManifest.xml:22:13-44
33            android:enabled="true"
33-->src/main/AndroidManifest.xml:23:13-35
34            android:exported="true" />
34-->src/main/AndroidManifest.xml:24:13-36
35
36        <activity android:name="com.example.toytiktok.ItemActivity" />
36-->src/main/AndroidManifest.xml:26:9-50
36-->src/main/AndroidManifest.xml:26:19-47
37        <activity android:name="com.example.toytiktok.WelcomeActivity" >
37-->src/main/AndroidManifest.xml:27:9-33:20
37-->src/main/AndroidManifest.xml:27:19-50
38            <intent-filter>
38-->src/main/AndroidManifest.xml:28:13-32:29
39                <action android:name="android.intent.action.MAIN" />
39-->src/main/AndroidManifest.xml:29:17-69
39-->src/main/AndroidManifest.xml:29:25-66
40
41                <category android:name="android.intent.category.LAUNCHER" />
41-->src/main/AndroidManifest.xml:31:17-77
41-->src/main/AndroidManifest.xml:31:27-74
42            </intent-filter>
43        </activity>
44        <activity android:name="com.example.toytiktok.MainActivity" />
44-->src/main/AndroidManifest.xml:34:9-50
44-->src/main/AndroidManifest.xml:34:19-47
45    </application>
46
47</manifest>